<?xml version="1.0" encoding="UTF-8"?>
<!-- Generated by org.testng.reporters.JUnitXMLReporter -->
<testsuite ignored="2" hostname="Laptop-OBS-123" failures="0" tests="1" name="Default test" time="6.037" errors="0" timestamp="2023-04-13T13:29:30 IST">
  <testcase classname="api.test.AdminTest" name="loginAsAdmin" time="5.457"/>
  <testcase classname="api.test.AdminTest" name="my_Profile" time="0.0">
    <ignored/>
  </testcase> <!-- my_Profile -->
  <testcase classname="api.test.AdminTest" name="activeStatus" time="0.0">
    <ignored/>
  </testcase> <!-- activeStatus -->
</testsuite> <!-- Default test -->
