<?xml version="1.0" encoding="UTF-8"?>
<!-- Generated by org.testng.reporters.JUnitXMLReporter -->
<testsuite ignored="0" hostname="Laptop-OBS-123" failures="0" tests="3" name="Default test" time="8.225" errors="0" timestamp="2023-04-10T14:57:59 IST">
  <testcase classname="api.test.AdminTest" name="loginAsAdmin" time="5.502"/>
  <testcase classname="api.test.AdminTest" name="my_Profile" time="1.015"/>
  <testcase classname="api.test.AdminTest" name="activeStatus" time="1.029"/>
</testsuite> <!-- Default test -->
