<?xml version="1.0" encoding="UTF-8"?>
<testng-results ignored="0" total="3" passed="3" failed="0" skipped="0">
  <reporter-output>
  </reporter-output>
  <suite started-at="2023-04-10T14:57:51 IST" name="Default suite" finished-at="2023-04-10T14:57:59 IST" duration-ms="8225">
    <groups>
    </groups>
    <test started-at="2023-04-10T14:57:51 IST" name="Default test" finished-at="2023-04-10T14:57:59 IST" duration-ms="8225">
      <class name="api.test.AdminTest">
        <test-method is-config="true" signature="toGenerateReport()[pri:0, instance:api.test.AdminTest@5ffead27]" started-at="2023-04-10T14:57:51 IST" name="toGenerateReport" finished-at="2023-04-10T14:57:51 IST" duration-ms="337" status="PASS">
          <reporter-output>
          </reporter-output>
        </test-method> <!-- toGenerateReport -->
        <test-method signature="loginAsAdmin()[pri:-1, instance:api.test.AdminTest@5ffead27]" started-at="2023-04-10T14:57:51 IST" name="loginAsAdmin" finished-at="2023-04-10T14:57:56 IST" duration-ms="5502" status="PASS">
          <reporter-output>
          </reporter-output>
        </test-method> <!-- loginAsAdmin -->
        <test-method signature="my_Profile()[pri:0, instance:api.test.AdminTest@5ffead27]" started-at="2023-04-10T14:57:56 IST" name="my_Profile" finished-at="2023-04-10T14:57:58 IST" duration-ms="1015" status="PASS">
          <reporter-output>
          </reporter-output>
        </test-method> <!-- my_Profile -->
        <test-method signature="activeStatus()[pri:1, instance:api.test.AdminTest@5ffead27]" started-at="2023-04-10T14:57:58 IST" name="activeStatus" finished-at="2023-04-10T14:57:59 IST" duration-ms="1029" status="PASS">
          <reporter-output>
          </reporter-output>
        </test-method> <!-- activeStatus -->
        <test-method is-config="true" signature="ReportCooldown()[pri:0, instance:api.test.AdminTest@5ffead27]" started-at="2023-04-10T14:57:59 IST" name="ReportCooldown" finished-at="2023-04-10T14:57:59 IST" duration-ms="284" status="PASS">
          <reporter-output>
          </reporter-output>
        </test-method> <!-- ReportCooldown -->
      </class> <!-- api.test.AdminTest -->
    </test> <!-- Default test -->
  </suite> <!-- Default suite -->
</testng-results>
