<?xml version="1.0" encoding="UTF-8"?>
<testng-results ignored="2" total="3" passed="1" failed="0" skipped="0">
  <reporter-output>
  </reporter-output>
  <suite started-at="2023-04-13T13:29:24 IST" name="Default suite" finished-at="2023-04-13T13:29:30 IST" duration-ms="6037">
    <groups>
    </groups>
    <test started-at="2023-04-13T13:29:24 IST" name="Default test" finished-at="2023-04-13T13:29:30 IST" duration-ms="6037">
      <class name="api.test.AdminTest">
        <test-method is-config="true" signature="toGenerateReport()[pri:0, instance:api.test.AdminTest@4f6ee6e4]" started-at="2023-04-13T13:29:24 IST" name="toGenerateReport" finished-at="2023-04-13T13:29:24 IST" duration-ms="253" status="PASS">
          <reporter-output>
          </reporter-output>
        </test-method> <!-- toGenerateReport -->
        <test-method signature="loginAsAdmin()[pri:-1, instance:api.test.AdminTest@4f6ee6e4]" started-at="2023-04-13T13:29:24 IST" name="loginAsAdmin" finished-at="2023-04-13T13:29:30 IST" duration-ms="5457" status="PASS">
          <reporter-output>
          </reporter-output>
        </test-method> <!-- loginAsAdmin -->
        <test-method is-config="true" signature="ReportCooldown()[pri:0, instance:api.test.AdminTest@4f6ee6e4]" started-at="2023-04-13T13:29:30 IST" name="ReportCooldown" finished-at="2023-04-13T13:29:30 IST" duration-ms="286" status="PASS">
          <reporter-output>
          </reporter-output>
        </test-method> <!-- ReportCooldown -->
      </class> <!-- api.test.AdminTest -->
    </test> <!-- Default test -->
  </suite> <!-- Default suite -->
</testng-results>
